<?xml version="1.0" encoding="UTF-8"?>
<!-- Generated by org.testng.reporters.JUnitXMLReporter -->
<testsuite ignored="0" hostname="LAPTOP-BIM2FR3V" failures="0" tests="5" name="Test" time="72.491" errors="0" timestamp="2025-11-01T15:15:40 IST">
  <testcase classname="testScenarios.MouseHoverEvents" name="dragAndDrop" time="5.136"/>
  <testcase classname="testScenarios.HandlingChkBoxRadioBtns" name="radAndChkBox" time="8.241"/>
  <testcase classname="testScenarios.SwitchingWindows" name="switchWin" time="48.445"/>
  <testcase classname="testScenarios.DatePicker" name="SelDate" time="5.685"/>
  <testcase classname="testScenarios.DynDataHand" name="verifyDynData" time="4.905"/>
</testsuite> <!-- Test -->
