<?xml version="1.0" encoding="UTF-8"?>
<!-- Generated by org.testng.reporters.JUnitXMLReporter -->
<testsuite ignored="0" hostname="LAPTOP-BIM2FR3V" failures="0" tests="5" name="Test" time="63.163" errors="0" timestamp="2025-11-06T19:35:26 IST">
  <testcase classname="testScenarios.MouseHoverEvents" name="dragAndDrop" time="5.29"/>
  <testcase classname="testScenarios.HandlingChkBoxRadioBtns" name="radAndChkBox" time="10.298"/>
  <testcase classname="testScenarios.SwitchingWindows" name="switchWin" time="38.207"/>
  <testcase classname="testScenarios.DatePicker" name="SelDate" time="5.704"/>
  <testcase classname="testScenarios.DynDataHand" name="verifyDynData" time="3.621"/>
</testsuite> <!-- Test -->
