<?xml version="1.0" encoding="UTF-8"?>
<testng-results ignored="0" total="5" passed="5" failed="0" skipped="0">
  <reporter-output>
  </reporter-output>
  <suite started-at="2025-11-06T19:34:23 IST" name="Suite" finished-at="2025-11-06T19:35:26 IST" duration-ms="63163">
    <groups>
    </groups>
    <test started-at="2025-11-06T19:34:23 IST" name="Test" finished-at="2025-11-06T19:35:26 IST" duration-ms="63163">
      <class name="testScenarios.SwitchingWindows">
        <test-method signature="switchWin()[pri:0, instance:testScenarios.SwitchingWindows@5f058f00]" started-at="2025-11-06T19:34:38 IST" name="switchWin" finished-at="2025-11-06T19:35:16 IST" duration-ms="38207" status="PASS">
          <reporter-output>
          </reporter-output>
        </test-method> <!-- switchWin -->
      </class> <!-- testScenarios.SwitchingWindows -->
      <class name="testScenarios.HandlingChkBoxRadioBtns">
        <test-method signature="radAndChkBox()[pri:0, instance:testScenarios.HandlingChkBoxRadioBtns@55b7a4e0]" started-at="2025-11-06T19:34:28 IST" name="radAndChkBox" finished-at="2025-11-06T19:34:38 IST" duration-ms="10298" status="PASS">
          <reporter-output>
          </reporter-output>
        </test-method> <!-- radAndChkBox -->
      </class> <!-- testScenarios.HandlingChkBoxRadioBtns -->
      <class name="testScenarios.DatePicker">
        <test-method signature="SelDate()[pri:0, instance:testScenarios.DatePicker@192d43ce]" started-at="2025-11-06T19:35:16 IST" name="SelDate" finished-at="2025-11-06T19:35:22 IST" duration-ms="5704" status="PASS">
          <reporter-output>
          </reporter-output>
        </test-method> <!-- SelDate -->
      </class> <!-- testScenarios.DatePicker -->
      <class name="testScenarios.DynDataHand">
        <test-method signature="verifyDynData()[pri:0, instance:testScenarios.DynDataHand@72057ecf]" started-at="2025-11-06T19:35:22 IST" name="verifyDynData" finished-at="2025-11-06T19:35:26 IST" duration-ms="3621" status="PASS">
          <reporter-output>
          </reporter-output>
        </test-method> <!-- verifyDynData -->
      </class> <!-- testScenarios.DynDataHand -->
      <class name="testScenarios.MouseHoverEvents">
        <test-method signature="dragAndDrop()[pri:0, instance:testScenarios.MouseHoverEvents@20deea7f]" started-at="2025-11-06T19:34:23 IST" name="dragAndDrop" finished-at="2025-11-06T19:34:28 IST" duration-ms="5290" status="PASS">
          <reporter-output>
          </reporter-output>
        </test-method> <!-- dragAndDrop -->
      </class> <!-- testScenarios.MouseHoverEvents -->
    </test> <!-- Test -->
  </suite> <!-- Suite -->
</testng-results>
