<?xml version="1.0" encoding="UTF-8"?>
<testng-results ignored="0" total="5" passed="5" failed="0" skipped="0">
  <reporter-output>
  </reporter-output>
  <suite started-at="2025-11-01T15:14:27 IST" name="Suite" finished-at="2025-11-01T15:15:40 IST" duration-ms="72491">
    <groups>
    </groups>
    <test started-at="2025-11-01T15:14:27 IST" name="Test" finished-at="2025-11-01T15:15:40 IST" duration-ms="72491">
      <class name="testScenarios.SwitchingWindows">
        <test-method signature="switchWin()[pri:0, instance:testScenarios.SwitchingWindows@235834f2]" started-at="2025-11-01T15:14:41 IST" name="switchWin" finished-at="2025-11-01T15:15:29 IST" duration-ms="48445" status="PASS">
          <reporter-output>
          </reporter-output>
        </test-method> <!-- switchWin -->
      </class> <!-- testScenarios.SwitchingWindows -->
      <class name="testScenarios.HandlingChkBoxRadioBtns">
        <test-method signature="radAndChkBox()[pri:0, instance:testScenarios.HandlingChkBoxRadioBtns@3270d194]" started-at="2025-11-01T15:14:33 IST" name="radAndChkBox" finished-at="2025-11-01T15:14:41 IST" duration-ms="8241" status="PASS">
          <reporter-output>
          </reporter-output>
        </test-method> <!-- radAndChkBox -->
      </class> <!-- testScenarios.HandlingChkBoxRadioBtns -->
      <class name="testScenarios.DatePicker">
        <test-method signature="SelDate()[pri:0, instance:testScenarios.DatePicker@5656be13]" started-at="2025-11-01T15:15:29 IST" name="SelDate" finished-at="2025-11-01T15:15:35 IST" duration-ms="5685" status="PASS">
          <reporter-output>
          </reporter-output>
        </test-method> <!-- SelDate -->
      </class> <!-- testScenarios.DatePicker -->
      <class name="testScenarios.DynDataHand">
        <test-method signature="verifyDynData()[pri:0, instance:testScenarios.DynDataHand@4218d6a3]" started-at="2025-11-01T15:15:35 IST" name="verifyDynData" finished-at="2025-11-01T15:15:40 IST" duration-ms="4905" status="PASS">
          <reporter-output>
          </reporter-output>
        </test-method> <!-- verifyDynData -->
      </class> <!-- testScenarios.DynDataHand -->
      <class name="testScenarios.MouseHoverEvents">
        <test-method signature="dragAndDrop()[pri:0, instance:testScenarios.MouseHoverEvents@692f203f]" started-at="2025-11-01T15:14:27 IST" name="dragAndDrop" finished-at="2025-11-01T15:14:33 IST" duration-ms="5136" status="PASS">
          <reporter-output>
          </reporter-output>
        </test-method> <!-- dragAndDrop -->
      </class> <!-- testScenarios.MouseHoverEvents -->
    </test> <!-- Test -->
  </suite> <!-- Suite -->
</testng-results>
