<?xml version="1.0" encoding="UTF-8"?>
<testng-results ignored="0" total="1" passed="1" failed="0" skipped="0">
  <reporter-output>
  </reporter-output>
  <suite started-at="2025-11-13T19:30:08 IST" name="Default suite" finished-at="2025-11-13T19:30:11 IST" duration-ms="2804">
    <groups>
    </groups>
    <test started-at="2025-11-13T19:30:08 IST" name="Default test" finished-at="2025-11-13T19:30:11 IST" duration-ms="2804">
      <class name="testScenarios.CaptureScreenshots">
        <test-method signature="screenShotExp()[pri:0, instance:testScenarios.CaptureScreenshots@5c6648b0]" started-at="2025-11-13T19:30:08 IST" name="screenShotExp" finished-at="2025-11-13T19:30:11 IST" duration-ms="2759" status="PASS">
          <reporter-output>
          </reporter-output>
        </test-method> <!-- screenShotExp -->
      </class> <!-- testScenarios.CaptureScreenshots -->
    </test> <!-- Default test -->
  </suite> <!-- Default suite -->
</testng-results>
